
[93mACE v2.3 [0m

  [94minstance[0m
    name:Main2

  Loading variables...

  Loading constraints...

  [94mdomains[0m
    types:2  values:61  sizes:[4:4,5:9]
  [94mvariables[0m
    count:13  omitted:31  arrays:3  degrees:[1:13]
  [94mconstraints[0m
    count:2  specific:2  arities:[4:1,9:1]
    distribution:[AllDifferentComplete:1,AllEqual:1]
    wck:0.07  cpu:0.378  mem:8M90

  Building solver... 

  [94msolver[0m
    guaranteedAC:true
    wck:0.08  cpu:0.387  mem:11M349

  [94mpreprocessing[0m
    values:61  unsat:false
    wck:0.0  cpu:0.387  mem:11M349

    run1  dpts:-1..12  effs:4  wck:0.00  sols:1

  [94mglobal[0m
    effs:4
    stop:REACHED_GOAL  sols:1  sol1Cpu:0.388
    wck:0.09  cpu:0.39  mem:11M349


  Solution 1 in JSON format:
   {
    positionMasques: [0, 1, 2, 3],
    rotationMasques: [*, *, *, *],
    monstresVisibles: [
     [
     [0, 0, 0],
     [0, 0, 0],
     [0, 0, 0]
    ],
     [
     [*, *, *],
     [*, *, *],
     [*, *, *]
    ],
     [
     [*, *, *],
     [*, *, *],
     [*, *, *]
    ],
     [
     [*, *, *],
     [*, *, *],
     [*, *, *]
    ]
    ]
   }

[92ms SATISFIABLE[0m
[92m
v[0m <instantiation id='sol1' type='solution'> <list> positionMasques[] rotationMasques[] monstresVisibles[][][] </list> <values> 0 1 2 3   *x4   0x9 *x27 </values> </instantiation>
[92m
d WRONG DECISIONS[0m 0
[92md FOUND SOLUTIONS[0m 1
[91md INCOMPLETE EXPLORATION[0m

c real time : 0.394
