
[93mACE v2.3 [0m

  [94minstance[0m
    name:Main2

  Loading variables...

  Loading constraints...

  [94mdomains[0m
    types:2  values:196  sizes:[4:4,5:36]
  [94mvariables[0m
    count:40  omitted:9  arrays:4  degrees:[1:4,36:36]
  [94mconstraints[0m
    count:352  specific:352  arities:[1:324,4:1,36:27]
    distribution:[AllDifferentComplete:1,Exactly1:9,ExactlyK:18,Extension1:324]
    wck:0.15  cpu:0.447  mem:16M932

  Building solver... 

  [94msolver[0m
    guaranteedAC:true
    wck:0.16  cpu:0.457  mem:19M864

  [94mpreprocessing[0m
    effs:13  values:85  unsat:true
    wck:0.001  cpu:0.458  mem:19M864


  [94mglobal[0m
    effs:13
    stop:FULL_EXPLORATION
    wck:0.16  cpu:0.459  mem:19M864

[92ms UNSATISFIABLE[0m
[92m
d WRONG DECISIONS[0m 0
[92md FOUND SOLUTIONS[0m 0
[92md COMPLETE EXPLORATION[0m

c real time : 0.46
