
[93mACE v2.3 [0m

  [94minstance[0m
    name:Main2

  Loading variables...

  Loading constraints...

  [94mdomains[0m
    types:2  values:196  sizes:[4:4,5:36]
  [94mvariables[0m
    count:40  omitted:4  arrays:3  degrees:[1:40]
  [94mconstraints[0m
    count:37  specific:37  arities:[1:36,4:1]
    distribution:[AllDifferentComplete:1,Extension1:36]
    wck:0.13  cpu:0.407  mem:10M207

  Building solver... 

  [94msolver[0m
    guaranteedAC:true
    wck:0.14  cpu:0.416  mem:13M461

  [94mpreprocessing[0m
    effs:25  values:95  unsat:true
    wck:0.001  cpu:0.417  mem:13M461


  [94mglobal[0m
    effs:25
    stop:FULL_EXPLORATION
    wck:0.14  cpu:0.417  mem:13M461

[92ms UNSATISFIABLE[0m
[92m
d WRONG DECISIONS[0m 0
[92md FOUND SOLUTIONS[0m 0
[92md COMPLETE EXPLORATION[0m

c real time : 0.418
