
[93mACE v2.3 [0m

  [94minstance[0m
    name:Main2

  Loading variables...

  Loading constraints...

  [94mdomains[0m
    types:1  values:16  sizes:[4:4]
  [94mvariables[0m
    count:4  omitted:40  arrays:3  degrees:[1:4]
  [94mconstraints[0m
    count:1  specific:1  arities:[4:1]
    distribution:[AllDifferentComplete:1]
    wck:0.09  cpu:0.408  mem:7M688

  Building solver... 

  [94msolver[0m
    guaranteedAC:true
    wck:0.10  cpu:0.417  mem:10M947

  [94mpreprocessing[0m
    values:16  unsat:false
    wck:0.0  cpu:0.418  mem:10M947

    run1  dpts:-1..3  effs:3  wck:0.00  sols:1

  [94mglobal[0m
    effs:3
    stop:REACHED_GOAL  sols:1  sol1Cpu:0.418
    wck:0.10  cpu:0.42  mem:10M947


  Solution 1 in JSON format:
   {
    positionMasques: [0, 1, 2, 3],
    rotationMasques: [*, *, *, *],
    monstresVisibles: [
     [
     [*, *, *],
     [*, *, *],
     [*, *, *]
    ],
     [
     [*, *, *],
     [*, *, *],
     [*, *, *]
    ],
     [
     [*, *, *],
     [*, *, *],
     [*, *, *]
    ],
     [
     [*, *, *],
     [*, *, *],
     [*, *, *]
    ]
    ]
   }

[92ms SATISFIABLE[0m
[92m
v[0m <instantiation id='sol1' type='solution'> <list> positionMasques[] rotationMasques[] monstresVisibles[][][] </list> <values> 0 1 2 3   *x4   *x36 </values> </instantiation>
[92m
d WRONG DECISIONS[0m 0
[92md FOUND SOLUTIONS[0m 1
[91md INCOMPLETE EXPLORATION[0m

c real time : 0.424
