
[93mACE v2.3 [0m

  [94minstance[0m
    name:Main2

  Loading variables...

  Loading constraints...

  [94mdomains[0m
    types:2  values:196  sizes:[4:4,5:36]
  [94mvariables[0m
    count:40  omitted:4  arrays:3  degrees:[1:4,5:36]
  [94mconstraints[0m
    count:76  specific:76  arities:[1:72,4:1,36:3]
    distribution:[AllDifferentComplete:1,Exactly1:1,ExactlyK:2,Extension1:72]
    wck:0.12  cpu:0.435  mem:11M253

  Building solver... 

  [94msolver[0m
    guaranteedAC:true
    wck:0.13  cpu:0.444  mem:13M881

  [94mpreprocessing[0m
    effs:13  values:85  unsat:true
    wck:0.0  cpu:0.445  mem:13M881


  [94mglobal[0m
    effs:13
    stop:FULL_EXPLORATION
    wck:0.13  cpu:0.445  mem:13M881

[92ms UNSATISFIABLE[0m
[92m
d WRONG DECISIONS[0m 0
[92md FOUND SOLUTIONS[0m 0
[92md COMPLETE EXPLORATION[0m

c real time : 0.446
